[0m23:36:45.081754 [debug] [MainThread]: Sending event: {'category': 'dbt', 'action': 'invocation', 'label': 'start', 'context': [<snowplow_tracker.self_describing_json.SelfDescribingJson object at 0x0000023FE5D5DFD0>, <snowplow_tracker.self_describing_json.SelfDescribingJson object at 0x0000023FE3D82490>, <snowplow_tracker.self_describing_json.SelfDescribingJson object at 0x0000023FE69F96D0>]}


============================== 23:36:45.084704 | 8f8e01a8-654d-46a7-900b-ca4249f95e4e ==============================
[0m23:36:45.084704 [info ] [MainThread]: Running with dbt=1.9.4
[0m23:36:45.085283 [debug] [MainThread]: running dbt with arguments {'printer_width': '80', 'indirect_selection': 'eager', 'log_cache_events': 'False', 'write_json': 'True', 'partial_parse': 'True', 'cache_selected_only': 'False', 'warn_error': 'None', 'debug': 'False', 'version_check': 'True', 'log_path': 'logs', 'fail_fast': 'False', 'profiles_dir': 'C:\\Users\\Kunchala Theja Kumar\\.dbt', 'use_colors': 'True', 'use_experimental_parser': 'False', 'no_print': 'None', 'quiet': 'False', 'empty': 'None', 'warn_error_options': 'WarnErrorOptions(include=[], exclude=[])', 'invocation_command': 'dbt init', 'log_format': 'default', 'static_parser': 'True', 'target_path': 'None', 'introspect': 'True', 'send_anonymous_usage_stats': 'True'}
[0m23:36:53.372300 [debug] [MainThread]: Starter project path: D:\MyFiles\VsCode\dbt_venv\Lib\site-packages\dbt\include\starter_project
[0m23:36:53.384749 [info ] [MainThread]: 
Your new dbt project "f1_dbt" was created!

For more information on how to configure the profiles.yml file,
please consult the dbt documentation here:

  https://docs.getdbt.com/docs/configure-your-profile

One more thing:

Need help? Don't hesitate to reach out to us via GitHub issues or on Slack:

  https://community.getdbt.com/

Happy modeling!

[0m23:36:53.385242 [info ] [MainThread]: Setting up your profile.
[0m23:37:26.232606 [debug] [MainThread]: Command `dbt init` succeeded at 23:37:26.232398 after 41.39 seconds
[0m23:37:26.233002 [debug] [MainThread]: Sending event: {'category': 'dbt', 'action': 'invocation', 'label': 'end', 'context': [<snowplow_tracker.self_describing_json.SelfDescribingJson object at 0x0000023FE6F4C640>, <snowplow_tracker.self_describing_json.SelfDescribingJson object at 0x0000023FE6F2B890>, <snowplow_tracker.self_describing_json.SelfDescribingJson object at 0x0000023FE6D07460>]}
[0m23:37:26.233314 [debug] [MainThread]: Flushing usage events
[0m23:37:27.265904 [debug] [MainThread]: An error was encountered while trying to flush usage events
[0m00:02:26.549818 [debug] [MainThread]: Sending event: {'category': 'dbt', 'action': 'invocation', 'label': 'start', 'context': [<snowplow_tracker.self_describing_json.SelfDescribingJson object at 0x0000016E088F1E80>, <snowplow_tracker.self_describing_json.SelfDescribingJson object at 0x0000016E0983F110>, <snowplow_tracker.self_describing_json.SelfDescribingJson object at 0x0000016E0983F250>]}


============================== 00:02:26.553848 | 9b5e121b-59cf-44bb-aea5-6d9b61204700 ==============================
[0m00:02:26.553848 [info ] [MainThread]: Running with dbt=1.9.4
[0m00:02:26.554318 [debug] [MainThread]: running dbt with arguments {'printer_width': '80', 'indirect_selection': 'eager', 'write_json': 'True', 'log_cache_events': 'False', 'partial_parse': 'True', 'cache_selected_only': 'False', 'profiles_dir': 'C:\\Users\\Kunchala Theja Kumar\\.dbt', 'version_check': 'True', 'debug': 'False', 'log_path': 'd:\\MyFiles\\VsCode\\F1_project\\logs', 'fail_fast': 'False', 'warn_error': 'None', 'use_colors': 'True', 'use_experimental_parser': 'False', 'empty': 'None', 'quiet': 'False', 'no_print': 'None', 'log_format': 'default', 'static_parser': 'True', 'introspect': 'True', 'invocation_command': 'dbt ', 'target_path': 'None', 'warn_error_options': 'WarnErrorOptions(include=[], exclude=[])', 'send_anonymous_usage_stats': 'True'}
[0m00:02:26.631065 [debug] [MainThread]: Sending event: {'category': 'dbt', 'action': 'project_id', 'label': '9b5e121b-59cf-44bb-aea5-6d9b61204700', 'context': [<snowplow_tracker.self_describing_json.SelfDescribingJson object at 0x0000016E08F1E520>]}
[0m00:02:26.643336 [info ] [MainThread]: Warning: No packages were found in packages.yml
[0m00:02:26.644012 [info ] [MainThread]: Warning: No packages were found in packages.yml
[0m00:02:26.644609 [debug] [MainThread]: Command `cli deps` succeeded at 00:02:26.644522 after 0.24 seconds
[0m00:02:26.644876 [debug] [MainThread]: Sending event: {'category': 'dbt', 'action': 'invocation', 'label': 'end', 'context': [<snowplow_tracker.self_describing_json.SelfDescribingJson object at 0x0000016E098A3DF0>, <snowplow_tracker.self_describing_json.SelfDescribingJson object at 0x0000016E09B50380>, <snowplow_tracker.self_describing_json.SelfDescribingJson object at 0x0000016E098BB450>]}
[0m00:02:26.645155 [debug] [MainThread]: Flushing usage events
[0m00:02:27.567055 [debug] [MainThread]: An error was encountered while trying to flush usage events
